<?xml version="1.0" encoding="UTF-8"?>
<robot generator="Robot 7.2.2 (Python 3.13.2 on darwin)" generated="2025-06-16T13:41:13.444172" rpa="false" schemaversion="5">
<suite id="s1" name="Main" source="/Users/sulaimanhashimi/Documents/IT/Github/TEST_AUTOMATION/GREATER/taas-prototype/test/main.robot">
<test id="s1-t1" name="Open Browser Test" line="5">
<kw name="Open Browser" owner="SeleniumLibrary">
<msg time="2025-06-16T13:41:13.520039" level="INFO">Opening browser 'chrome' to base url 'https://practicesoftwaretesting.com/'.</msg>
<arg>https://practicesoftwaretesting.com/</arg>
<arg>chrome</arg>
<doc>Opens a new browser instance to the optional ``url``.</doc>
<status status="PASS" start="2025-06-16T13:41:13.519866" elapsed="1.803781"/>
</kw>
<kw name="Sleep" owner="BuiltIn">
<msg time="2025-06-16T13:41:17.326636" level="INFO">Slept 2 seconds.</msg>
<arg>2s</arg>
<doc>Pauses the test executed for the given time.</doc>
<status status="PASS" start="2025-06-16T13:41:15.324411" elapsed="2.003186"/>
</kw>
<kw name="Close Browser" owner="SeleniumLibrary">
<doc>Closes the current browser.</doc>
<status status="PASS" start="2025-06-16T13:41:17.328453" elapsed="0.073199"/>
</kw>
<status status="PASS" start="2025-06-16T13:41:13.519365" elapsed="3.882639"/>
</test>
<status status="PASS" start="2025-06-16T13:41:13.445956" elapsed="3.956583"/>
</suite>
<statistics>
<total>
<stat pass="1" fail="0" skip="0">All Tests</stat>
</total>
<tag>
</tag>
<suite>
<stat name="Main" id="s1" pass="1" fail="0" skip="0">Main</stat>
</suite>
</statistics>
<errors>
</errors>
</robot>
